<?xml version="1.0" encoding="UTF-8"?>
<testsuites tests="5" failures="1" disabled="0" errors="0" timestamp="2017-02-03T14:50:13" time="4.521" name="AllTests">
  <testsuite name="MathTest" tests="4" failures="0" disabled="0" errors="0" time="0">
    <testcase name="adderTest" status="run" time="0" classname="MathTest" />
    <testcase name="subtracterTest" status="run" time="0" classname="MathTest" />
    <testcase name="multiplierTest" status="run" time="0" classname="MathTest" />
    <testcase name="dividerTest" status="run" time="0" classname="MathTest" />
  </testsuite>
  <testsuite name="ParamTest" tests="1" failures="1" disabled="0" errors="0" time="4.521">
    <testcase name="getParameter" status="run" time="4.521" classname="ParamTest">
      <failure message="/home/d943/Dropbox/Master/catkin_ws/src/gtest_car/src/Test.cpp:25&#x0A;Value of: GetParametersTest()&#x0A;  Actual: 10&#x0A;Expected: 3300" type=""><![CDATA[/home/d943/Dropbox/Master/catkin_ws/src/gtest_car/src/Test.cpp:25
Value of: GetParametersTest()
  Actual: 10
Expected: 3300]]></failure>
    </testcase>
  </testsuite>
</testsuites>
