<?xml version="1.0" encoding="UTF-8"?>
<testsuites tests="5" failures="1" disabled="0" errors="0" timestamp="2017-02-02T14:17:13" time="0.443" name="AllTests">
  <testsuite name="Vessel" tests="4" failures="1" disabled="0" errors="0" time="0.339">
    <testcase name="parameterLoad" status="run" time="0.081" classname="Vessel">
      <failure message="/home/d943/Dropbox/Master/catkin_ws/src/simulator_prototype/src/unittest.cpp:18&#x0A;Value of: testVessel.readParameters(testHandle)&#x0A;  Actual: true&#x0A;Expected: false" type=""><![CDATA[/home/d943/Dropbox/Master/catkin_ws/src/simulator_prototype/src/unittest.cpp:18
Value of: testVessel.readParameters(testHandle)
  Actual: true
Expected: false]]></failure>
    </testcase>
    <testcase name="matrixMInit" status="run" time="0.073" classname="Vessel" />
    <testcase name="setGetState" status="run" time="0.042" classname="Vessel" />
    <testcase name="receiveThrust" status="run" time="0.143" classname="Vessel" />
  </testsuite>
  <testsuite name="Basic" tests="1" failures="0" disabled="0" errors="0" time="0.104">
    <testcase name="publishSubscribe" status="run" time="0.104" classname="Basic" />
  </testsuite>
</testsuites>
